<?xml version="1.0" encoding="UTF-8"?>
<!-- Generated by org.testng.reporters.JUnitXMLReporter -->
<testsuite ignored="0" hostname="DESKTOP-PJ44N8I" failures="0" tests="25" name="Default test" time="11.444" errors="0" timestamp="2022-05-20T22:30:27 EET">
  <testcase classname="tests.CategoriesTests" name="CTT_DELETE_Request_INVALID_ID" time="2.388"/>
  <testcase classname="tests.CategoriesTests" name="CTT_DELETE_Request_VALID" time="3.245"/>
  <testcase classname="tests.CategoriesTests" name="CTT_GET_All_ID_Numbers" time="0.407"/>
  <testcase classname="tests.CategoriesTests" name="CTT_GET_Default_Limit" time="0.174"/>
  <testcase classname="tests.CategoriesTests" name="CTT_GET_ID" time="0.07"/>
  <testcase classname="tests.CategoriesTests" name="CTT_GET_Limit_Exceed_MAX" time="0.409"/>
  <testcase classname="tests.CategoriesTests" name="CTT_GET_Limit_MAX" time="0.236"/>
  <testcase classname="tests.CategoriesTests" name="CTT_GET_Limit_MIN" time="0.191"/>
  <testcase classname="tests.CategoriesTests" name="CTT_GET_Message_Not_exist_id" time="0.061"/>
  <testcase classname="tests.CategoriesTests" name="CTT_GET_Skip" time="0.089"/>
  <testcase classname="tests.CategoriesTests" name="CTT_GET_Skip_Exceed_MAX" time="0.125"/>
  <testcase classname="tests.CategoriesTests" name="CTT_GET_Skip_MAX" time="0.492"/>
  <testcase classname="tests.CategoriesTests" name="CTT_GET_Skip_MIN" time="0.145"/>
  <testcase classname="tests.CategoriesTests" name="CTT_GET_String_Limit" time="0.111"/>
  <testcase classname="tests.CategoriesTests" name="CTT_GET_String_Skip" time="0.092"/>
  <testcase classname="tests.CategoriesTests" name="CTT_GET_status_code" time="0.105"/>
  <testcase classname="tests.CategoriesTests" name="CTT_GET_status_code_Not_exist_id" time="0.039"/>
  <testcase classname="tests.CategoriesTests" name="CTT_PATCH_Request_InvalidID" time="0.037"/>
  <testcase classname="tests.CategoriesTests" name="CTT_PATCH_Request_VALID" time="0.393"/>
  <testcase classname="tests.CategoriesTests" name="CTT_PATCH_Request_stringID" time="0.027"/>
  <testcase classname="tests.CategoriesTests" name="CTT_POST_Request_Exist_ID" time="0.025"/>
  <testcase classname="tests.CategoriesTests" name="CTT_POST_Request_NO_DATA" time="0.027"/>
  <testcase classname="tests.CategoriesTests" name="CTT_POST_Request_NO_ID" time="0.022"/>
  <testcase classname="tests.CategoriesTests" name="CTT_POST_Request_NO_Name" time="0.028"/>
  <testcase classname="tests.CategoriesTests" name="CTT_POST_Valid_Request" time="0.33"/>
</testsuite> <!-- Default test -->
