<?xml version="1.0" encoding="UTF-8"?>
<!-- Generated by org.testng.reporters.JUnitXMLReporter -->
<testsuite ignored="24" hostname="DESKTOP-PJ44N8I" failures="0" tests="4" name="Default test" time="5.085" errors="0" timestamp="2022-05-20T23:44:16 EET">
  <testcase classname="tests.CategoriesTests" name="CTT_GET_ID" time="3.619"/>
  <testcase classname="tests.CategoriesTests" name="CTT_GET_ID" time="0.154"/>
  <testcase classname="tests.CategoriesTests" name="CTT_GET_ID" time="0.049"/>
  <testcase classname="tests.CategoriesTests" name="CTT_GET_ID" time="0.076"/>
  <testcase classname="tests.CategoriesTests" name="CTT_POST_Request_NO_Name" time="0.0">
    <ignored/>
  </testcase> <!-- CTT_POST_Request_NO_Name -->
  <testcase classname="tests.CategoriesTests" name="CTT_GET_Skip_MIN" time="0.0">
    <ignored/>
  </testcase> <!-- CTT_GET_Skip_MIN -->
  <testcase classname="tests.CategoriesTests" name="CTT_GET_Skip_MAX" time="0.0">
    <ignored/>
  </testcase> <!-- CTT_GET_Skip_MAX -->
  <testcase classname="tests.CategoriesTests" name="CTT_GET_Default_Limit" time="0.0">
    <ignored/>
  </testcase> <!-- CTT_GET_Default_Limit -->
  <testcase classname="tests.CategoriesTests" name="CTT_GET_Limit_Exceed_MAX" time="0.0">
    <ignored/>
  </testcase> <!-- CTT_GET_Limit_Exceed_MAX -->
  <testcase classname="tests.CategoriesTests" name="CTT_GET_status_code_Not_exist_id" time="0.0">
    <ignored/>
  </testcase> <!-- CTT_GET_status_code_Not_exist_id -->
  <testcase classname="tests.CategoriesTests" name="CTT_DELETE_Request_VALID" time="0.0">
    <ignored/>
  </testcase> <!-- CTT_DELETE_Request_VALID -->
  <testcase classname="tests.CategoriesTests" name="CTT_POST_Request_NO_DATA" time="0.0">
    <ignored/>
  </testcase> <!-- CTT_POST_Request_NO_DATA -->
  <testcase classname="tests.CategoriesTests" name="CTT_POST_Request_NO_ID" time="0.0">
    <ignored/>
  </testcase> <!-- CTT_POST_Request_NO_ID -->
  <testcase classname="tests.CategoriesTests" name="CTT_PATCH_Request_VALID" time="0.0">
    <ignored/>
  </testcase> <!-- CTT_PATCH_Request_VALID -->
  <testcase classname="tests.CategoriesTests" name="CTT_GET_Message_Not_exist_id" time="0.0">
    <ignored/>
  </testcase> <!-- CTT_GET_Message_Not_exist_id -->
  <testcase classname="tests.CategoriesTests" name="CTT_GET_Skip" time="0.0">
    <ignored/>
  </testcase> <!-- CTT_GET_Skip -->
  <testcase classname="tests.CategoriesTests" name="CTT_GET_status_code" time="0.0">
    <ignored/>
  </testcase> <!-- CTT_GET_status_code -->
  <testcase classname="tests.CategoriesTests" name="CTT_GET_Limit_MIN" time="0.0">
    <ignored/>
  </testcase> <!-- CTT_GET_Limit_MIN -->
  <testcase classname="tests.CategoriesTests" name="CTT_POST_Request_Exist_ID" time="0.0">
    <ignored/>
  </testcase> <!-- CTT_POST_Request_Exist_ID -->
  <testcase classname="tests.CategoriesTests" name="CTT_GET_All_ID_Numbers" time="0.0">
    <ignored/>
  </testcase> <!-- CTT_GET_All_ID_Numbers -->
  <testcase classname="tests.CategoriesTests" name="CTT_GET_String_Skip" time="0.0">
    <ignored/>
  </testcase> <!-- CTT_GET_String_Skip -->
  <testcase classname="tests.CategoriesTests" name="CTT_GET_String_Limit" time="0.0">
    <ignored/>
  </testcase> <!-- CTT_GET_String_Limit -->
  <testcase classname="tests.CategoriesTests" name="CTT_DELETE_Request_INVALID_ID" time="0.0">
    <ignored/>
  </testcase> <!-- CTT_DELETE_Request_INVALID_ID -->
  <testcase classname="tests.CategoriesTests" name="CTT_GET_Limit_MAX" time="0.0">
    <ignored/>
  </testcase> <!-- CTT_GET_Limit_MAX -->
  <testcase classname="tests.CategoriesTests" name="CTT_PATCH_Request_InvalidID" time="0.0">
    <ignored/>
  </testcase> <!-- CTT_PATCH_Request_InvalidID -->
  <testcase classname="tests.CategoriesTests" name="CTT_PATCH_Request_stringID" time="0.0">
    <ignored/>
  </testcase> <!-- CTT_PATCH_Request_stringID -->
  <testcase classname="tests.CategoriesTests" name="CTT_POST_Valid_Request" time="0.0">
    <ignored/>
  </testcase> <!-- CTT_POST_Valid_Request -->
  <testcase classname="tests.CategoriesTests" name="CTT_GET_Skip_Exceed_MAX" time="0.0">
    <ignored/>
  </testcase> <!-- CTT_GET_Skip_Exceed_MAX -->
</testsuite> <!-- Default test -->
