<?xml version="1.0" encoding="UTF-8"?>
<!-- Generated by org.testng.reporters.JUnitXMLReporter -->
<testsuite ignored="0" hostname="DESKTOP-PJ44N8I" failures="0" tests="25" name="Test" time="9.028" errors="0" timestamp="2022-05-20T22:39:42 EET">
  <testcase classname="tests.CategoriesTests" name="CTT_DELETE_Request_INVALID_ID" time="2.511"/>
  <testcase classname="tests.CategoriesTests" name="CTT_DELETE_Request_VALID" time="1.969"/>
  <testcase classname="tests.CategoriesTests" name="CTT_GET_All_ID_Numbers" time="0.254"/>
  <testcase classname="tests.CategoriesTests" name="CTT_GET_Default_Limit" time="0.179"/>
  <testcase classname="tests.CategoriesTests" name="CTT_GET_ID" time="0.075"/>
  <testcase classname="tests.CategoriesTests" name="CTT_GET_Limit_Exceed_MAX" time="0.222"/>
  <testcase classname="tests.CategoriesTests" name="CTT_GET_Limit_MAX" time="0.199"/>
  <testcase classname="tests.CategoriesTests" name="CTT_GET_Limit_MIN" time="0.092"/>
  <testcase classname="tests.CategoriesTests" name="CTT_GET_Message_Not_exist_id" time="0.048"/>
  <testcase classname="tests.CategoriesTests" name="CTT_GET_Skip" time="0.091"/>
  <testcase classname="tests.CategoriesTests" name="CTT_GET_Skip_Exceed_MAX" time="0.103"/>
  <testcase classname="tests.CategoriesTests" name="CTT_GET_Skip_MAX" time="0.127"/>
  <testcase classname="tests.CategoriesTests" name="CTT_GET_Skip_MIN" time="0.163"/>
  <testcase classname="tests.CategoriesTests" name="CTT_GET_String_Limit" time="0.117"/>
  <testcase classname="tests.CategoriesTests" name="CTT_GET_String_Skip" time="0.101"/>
  <testcase classname="tests.CategoriesTests" name="CTT_GET_status_code" time="0.213"/>
  <testcase classname="tests.CategoriesTests" name="CTT_GET_status_code_Not_exist_id" time="0.033"/>
  <testcase classname="tests.CategoriesTests" name="CTT_PATCH_Request_InvalidID" time="0.035"/>
  <testcase classname="tests.CategoriesTests" name="CTT_PATCH_Request_VALID" time="0.592"/>
  <testcase classname="tests.CategoriesTests" name="CTT_PATCH_Request_stringID" time="0.042"/>
  <testcase classname="tests.CategoriesTests" name="CTT_POST_Request_Exist_ID" time="0.064"/>
  <testcase classname="tests.CategoriesTests" name="CTT_POST_Request_NO_DATA" time="0.042"/>
  <testcase classname="tests.CategoriesTests" name="CTT_POST_Request_NO_ID" time="0.029"/>
  <testcase classname="tests.CategoriesTests" name="CTT_POST_Request_NO_Name" time="0.026"/>
  <testcase classname="tests.CategoriesTests" name="CTT_POST_Valid_Request" time="0.307"/>
</testsuite> <!-- Test -->
