<?xml version="1.0" encoding="UTF-8"?>
<testng-results ignored="28" total="29" passed="1" failed="0" skipped="0">
  <reporter-output>
  </reporter-output>
  <suite started-at="2022-05-20T11:45:26 EET" name="Default suite" finished-at="2022-05-20T11:45:31 EET" duration-ms="5294">
    <groups>
    </groups>
    <test started-at="2022-05-20T11:45:26 EET" name="Default test" finished-at="2022-05-20T11:45:31 EET" duration-ms="5294">
      <class name="tests.ProductsTests">
        <test-method is-config="true" signature="setup()[pri:0, instance:tests.ProductsTests@73e22a3d]" started-at="2022-05-20T11:45:26 EET" name="setup" finished-at="2022-05-20T11:45:27 EET" duration-ms="985" status="PASS">
          <reporter-output>
          </reporter-output>
        </test-method> <!-- setup -->
        <test-method signature="CTT_DELETE_Request_VALID()[pri:0, instance:tests.ProductsTests@73e22a3d]" started-at="2022-05-20T11:45:27 EET" name="CTT_DELETE_Request_VALID" description="Check that the response status code is 200 when sending API DELETE/products request with valid id" finished-at="2022-05-20T11:45:31 EET" duration-ms="4230" status="PASS">
          <reporter-output>
          </reporter-output>
        </test-method> <!-- CTT_DELETE_Request_VALID -->
      </class> <!-- tests.ProductsTests -->
    </test> <!-- Default test -->
  </suite> <!-- Default suite -->
</testng-results>
